[debug] [2018-09-19T05:12:40.080Z] ----------------------------------------------------------------------
[debug] [2018-09-19T05:12:40.083Z] Command:       C:\Program Files\nodejs\node.exe C:\Users\Sabunnga\AppData\Roaming\npm\node_modules\firebase-tools\bin\firebase serve
[debug] [2018-09-19T05:12:40.083Z] CLI Version:   4.2.1
[debug] [2018-09-19T05:12:40.083Z] Platform:      win32
[debug] [2018-09-19T05:12:40.083Z] Node Version:  v8.11.3
[debug] [2018-09-19T05:12:40.085Z] Time:          Wed Sep 19 2018 12:12:40 GMT+0700 (SE Asia Standard Time)
[debug] [2018-09-19T05:12:40.085Z] ----------------------------------------------------------------------
[debug] 
[debug] [2018-09-19T05:12:40.099Z] > command requires scopes: ["email","openid","https://www.googleapis.com/auth/cloudplatformprojects.readonly","https://www.googleapis.com/auth/firebase","https://www.googleapis.com/auth/cloud-platform"]
[debug] [2018-09-19T05:12:40.100Z] > authorizing via signed-in user
[debug] [2018-09-19T05:12:40.103Z] >>> HTTP REQUEST GET https://admin.firebase.com/v1/projects/hdpj-632ed  
 
[debug] [2018-09-19T05:12:41.762Z] <<< HTTP RESPONSE 200
[debug] [2018-09-19T05:12:41.768Z] >>> HTTP REQUEST GET https://cloudresourcemanager.googleapis.com/v1/projects/hdpj-632ed  
 
[debug] [2018-09-19T05:12:43.078Z] <<< HTTP RESPONSE 200
[info] 
[info] === Serving from 'C:\xampp\htdocs\HdProject\hp'...
[info] 
[debug] [2018-09-19T05:12:43.080Z] >>> HTTP REQUEST GET https://mobilesdk-pa.googleapis.com/v1/projects/120261714092/clients/_:getWebAppConfig  
 
[debug] [2018-09-19T05:12:43.618Z] <<< HTTP RESPONSE 200
[info] i  hosting[hdpj-632ed]: Serving hosting files from: dist
[info] +  hosting[hdpj-632ed]: Local server: http://localhost:5000
